<?xml version="1.0" encoding="UTF-8"?>
<!-- Generated by org.testng.reporters.JUnitReportReporter -->
<testsuite hostname="LAPTOP-SH2NFK92" failures="0" tests="5" name="testng.annotations.TestNGAnnotationTest5" time="0.002" errors="0" timestamp="2023-08-30T15:40:47 IST" skipped="0">
  <testcase classname="testng.annotations.TestNGAnnotationTest5" name="testLogout" time="0.000"/>
  <system-out/>
  <testcase classname="testng.annotations.TestNGAnnotationTest5" name="testCreate" time="0.001"/>
  <system-out/>
  <testcase classname="testng.annotations.TestNGAnnotationTest5" name="testEdit" time="0.001"/>
  <system-out/>
  <testcase classname="testng.annotations.TestNGAnnotationTest5" name="testLogin" time="0.000"/>
  <system-out/>
  <testcase classname="testng.annotations.TestNGAnnotationTest5" name="testDelete" time="0.000"/>
  <system-out/>
</testsuite> <!-- testng.annotations.TestNGAnnotationTest5 -->
