<?xml version="1.0" encoding="UTF-8"?>
<!-- Generated by org.testng.reporters.JUnitReportReporter -->
<testsuite hostname="LAPTOP-SH2NFK92" failures="0" tests="1" name="testng.annotations.TestNGAnnotationTest1" time="0.004" errors="0" timestamp="2023-08-30T15:40:47 IST" skipped="0">
  <testcase classname="testng.annotations.TestNGAnnotationTest1" name="test" time="0.004"/>
  <system-out/>
</testsuite> <!-- testng.annotations.TestNGAnnotationTest1 -->
