<?xml version="1.0" encoding="UTF-8"?>
<!-- Generated by org.testng.reporters.JUnitReportReporter -->
<testsuite hostname="LAPTOP-SH2NFK92" failures="0" tests="1" name="testng.annotations.TestNGAnnotationTest2" time="0.002" errors="0" timestamp="2023-08-30T15:40:47 IST" skipped="0">
  <testcase classname="testng.annotations.TestNGAnnotationTest2" name="test1" time="0.002"/>
  <system-out/>
</testsuite> <!-- testng.annotations.TestNGAnnotationTest2 -->
